# JRE version: Java(TM) SE Runtime Environment (8.0_05-b13) (build 1.8.0_05-b13)
# Java VM: Java HotSpot(TM) 64-Bit Server VM (25.5-b02 mixed mode bsd-amd64 compressed oops)
Heap:
 PSYoungGen      total 12800K, used 4546K [0x0000000795580000, 0x0000000796700000, 0x00000007c0000000)
  eden space 10752K, 23% used [0x0000000795580000,0x00000007957f2b90,0x0000000796000000)
  from space 2048K, 99% used [0x0000000796300000,0x00000007964fdfd0,0x0000000796500000)
  to   space 3072K, 0% used [0x0000000796000000,0x0000000796000000,0x0000000796300000)
 ParOldGen       total 129536K, used 3410K [0x0000000740000000, 0x0000000747e80000, 0x0000000795580000)
  object space 129536K, 2% used [0x0000000740000000,0x0000000740354af8,0x0000000747e80000)
 Metaspace       used 18481K, capacity 18722K, committed 18944K, reserved 1064960K
  class space    used 2380K, capacity 2438K, committed 2560K, reserved 1048576K
GC Heap History (10 events):
Event: 0.406 GC heap before
{Heap before GC invocations=6 (full 0):
 PSYoungGen      total 2560K, used 2556K [0x0000000795580000, 0x0000000795b80000, 0x00000007c0000000)
  eden space 2048K, 99% used [0x0000000795580000,0x000000079577f298,0x0000000795780000)
  from space 512K, 100% used [0x0000000795780000,0x0000000795800000,0x0000000795800000)
  to   space 1024K, 0% used [0x0000000795a80000,0x0000000795a80000,0x0000000795b80000)
 ParOldGen       total 129536K, used 972K [0x0000000740000000, 0x0000000747e80000, 0x0000000795580000)
  object space 129536K, 0% used [0x0000000740000000,0x00000007400f32e0,0x0000000747e80000)
 Metaspace       used 4996K, capacity 5784K, committed 6016K, reserved 1056768K
  class space    used 516K, capacity 524K, committed 640K, reserved 1048576K
Event: 0.407 GC heap after
Heap after GC invocations=6 (full 0):
 PSYoungGen      total 4608K, used 997K [0x0000000795580000, 0x0000000795c80000, 0x00000007c0000000)
  eden space 3584K, 0% used [0x0000000795580000,0x0000000795580000,0x0000000795900000)
  from space 1024K, 97% used [0x0000000795a80000,0x0000000795b79488,0x0000000795b80000)
  to   space 1536K, 0% used [0x0000000795900000,0x0000000795900000,0x0000000795a80000)
 ParOldGen       total 129536K, used 1067K [0x0000000740000000, 0x0000000747e80000, 0x0000000795580000)
  object space 129536K, 0% used [0x0000000740000000,0x000000074010aee0,0x0000000747e80000)
 Metaspace       used 4996K, capacity 5784K, committed 6016K, reserved 1056768K
  class space    used 516K, capacity 524K, committed 640K, reserved 1048576K
}
Event: 0.506 GC heap before
{Heap before GC invocations=7 (full 0):
 PSYoungGen      total 4608K, used 4577K [0x0000000795580000, 0x0000000795c80000, 0x00000007c0000000)
  eden space 3584K, 99% used [0x0000000795580000,0x00000007958ff078,0x0000000795900000)
  from space 1024K, 97% used [0x0000000795a80000,0x0000000795b79488,0x0000000795b80000)
  to   space 1536K, 0% used [0x0000000795900000,0x0000000795900000,0x0000000795a80000)
 ParOldGen       total 129536K, used 1067K [0x0000000740000000, 0x0000000747e80000, 0x0000000795580000)
  object space 129536K, 0% used [0x0000000740000000,0x000000074010aee0,0x0000000747e80000)
 Metaspace       used 5770K, capacity 6520K, committed 6784K, reserved 1056768K
  class space    used 603K, capacity 620K, committed 640K, reserved 1048576K
Event: 0.514 GC heap after
Heap after GC invocations=7 (full 0):
 PSYoungGen      total 5120K, used 1198K [0x0000000795580000, 0x0000000795f80000, 0x00000007c0000000)
  eden space 3584K, 0% used [0x0000000795580000,0x0000000795580000,0x0000000795900000)
  from space 1536K, 78% used [0x0000000795900000,0x0000000795a2b9d0,0x0000000795a80000)
  to   space 1536K, 0% used [0x0000000795e00000,0x0000000795e00000,0x0000000795f80000)
 ParOldGen       total 129536K, used 1439K [0x0000000740000000, 0x0000000747e80000, 0x0000000795580000)
  object space 129536K, 1% used [0x0000000740000000,0x0000000740167f40,0x0000000747e80000)
 Metaspace       used 5770K, capacity 6520K, committed 6784K, reserved 1056768K
  class space    used 603K, capacity 620K, committed 640K, reserved 1048576K
}
Event: 0.820 GC heap before
{Heap before GC invocations=8 (full 0):
 PSYoungGen      total 5120K, used 4782K [0x0000000795580000, 0x0000000795f80000, 0x00000007c0000000)
  eden space 3584K, 100% used [0x0000000795580000,0x0000000795900000,0x0000000795900000)
  from space 1536K, 78% used [0x0000000795900000,0x0000000795a2b9d0,0x0000000795a80000)
  to   space 1536K, 0% used [0x0000000795e00000,0x0000000795e00000,0x0000000795f80000)
 ParOldGen       total 129536K, used 1439K [0x0000000740000000, 0x0000000747e80000, 0x0000000795580000)
  object space 129536K, 1% used [0x0000000740000000,0x0000000740167f40,0x0000000747e80000)
 Metaspace       used 7155K, capacity 7272K, committed 7552K, reserved 1056768K
  class space    used 749K, capacity 780K, committed 896K, reserved 1048576K
Event: 0.822 GC heap after
Heap after GC invocations=8 (full 0):
 PSYoungGen      total 8704K, used 1264K [0x0000000795580000, 0x0000000795f80000, 0x00000007c0000000)
  eden space 7168K, 0% used [0x0000000795580000,0x0000000795580000,0x0000000795c80000)
  from space 1536K, 82% used [0x0000000795e00000,0x0000000795f3c108,0x0000000795f80000)
  to   space 1536K, 0% used [0x0000000795c80000,0x0000000795c80000,0x0000000795e00000)
 ParOldGen       total 129536K, used 1479K [0x0000000740000000, 0x0000000747e80000, 0x0000000795580000)
  object space 129536K, 1% used [0x0000000740000000,0x0000000740171f40,0x0000000747e80000)
 Metaspace       used 7155K, capacity 7272K, committed 7552K, reserved 1056768K
  class space    used 749K, capacity 780K, committed 896K, reserved 1048576K
}
Event: 1.253 GC heap before
{Heap before GC invocations=9 (full 0):
 PSYoungGen      total 8704K, used 8432K [0x0000000795580000, 0x0000000795f80000, 0x00000007c0000000)
  eden space 7168K, 100% used [0x0000000795580000,0x0000000795c80000,0x0000000795c80000)
  from space 1536K, 82% used [0x0000000795e00000,0x0000000795f3c108,0x0000000795f80000)
  to   space 1536K, 0% used [0x0000000795c80000,0x0000000795c80000,0x0000000795e00000)
 ParOldGen       total 129536K, used 1479K [0x0000000740000000, 0x0000000747e80000, 0x0000000795580000)
  object space 129536K, 1% used [0x0000000740000000,0x0000000740171f40,0x0000000747e80000)
 Metaspace       used 9886K, capacity 10020K, committed 10112K, reserved 1058816K
  class space    used 1088K, capacity 1142K, committed 1152K, reserved 1048576K
Event: 1.266 GC heap after
Heap after GC invocations=9 (full 0):
 PSYoungGen      total 8704K, used 1476K [0x0000000795580000, 0x0000000796500000, 0x00000007c0000000)
  eden space 7168K, 0% used [0x0000000795580000,0x0000000795580000,0x0000000795c80000)
  from space 1536K, 96% used [0x0000000795c80000,0x0000000795df11a8,0x0000000795e00000)
  to   space 2048K, 0% used [0x0000000796300000,0x0000000796300000,0x0000000796500000)
 ParOldGen       total 129536K, used 1727K [0x0000000740000000, 0x0000000747e80000, 0x0000000795580000)
  object space 129536K, 1% used [0x0000000740000000,0x00000007401aff40,0x0000000747e80000)
 Metaspace       used 9886K, capacity 10020K, committed 10112K, reserved 1058816K
  class space    used 1088K, capacity 1142K, committed 1152K, reserved 1048576K
}
Event: 2.877 GC heap before
{Heap before GC invocations=10 (full 0):
 PSYoungGen      total 8704K, used 8512K [0x0000000795580000, 0x0000000796500000, 0x00000007c0000000)
  eden space 7168K, 98% used [0x0000000795580000,0x0000000795c5ef80,0x0000000795c80000)
  from space 1536K, 96% used [0x0000000795c80000,0x0000000795df11a8,0x0000000795e00000)
  to   space 2048K, 0% used [0x0000000796300000,0x0000000796300000,0x0000000796500000)
 ParOldGen       total 129536K, used 1727K [0x0000000740000000, 0x0000000747e80000, 0x0000000795580000)
  object space 129536K, 1% used [0x0000000740000000,0x00000007401aff40,0x0000000747e80000)
 Metaspace       used 17414K, capacity 17622K, committed 18048K, reserved 1064960K
  class space    used 2230K, capacity 2306K, committed 2432K, reserved 1048576K
Event: 2.886 GC heap after
Heap after GC invocations=10 (full 0):
 PSYoungGen      total 12800K, used 2039K [0x0000000795580000, 0x0000000796700000, 0x00000007c0000000)
  eden space 10752K, 0% used [0x0000000795580000,0x0000000795580000,0x0000000796000000)
  from space 2048K, 99% used [0x0000000796300000,0x00000007964fdfd0,0x0000000796500000)
  to   space 3072K, 0% used [0x0000000796000000,0x0000000796000000,0x0000000796300000)
 ParOldGen       total 129536K, used 3410K [0x0000000740000000, 0x0000000747e80000, 0x0000000795580000)
  object space 129536K, 2% used [0x0000000740000000,0x0000000740354af8,0x0000000747e80000)
 Metaspace       used 17414K, capacity 17622K, committed 18048K, reserved 1064960K
  class space    used 2230K, capacity 2306K, committed 2432K, reserved 1048576K
}

