# JRE version: Java(TM) SE Runtime Environment (8.0_05-b13) (build 1.8.0_05-b13)
# Java VM: Java HotSpot(TM) 64-Bit Server VM (25.5-b02 mixed mode bsd-amd64 compressed oops)
Heap:
 PSYoungGen      total 11776K, used 4547K [0x0000000795580000, 0x0000000796600000, 0x00000007c0000000)
  eden space 9728K, 25% used [0x0000000795580000,0x00000007957f1b38,0x0000000795f00000)
  from space 2048K, 99% used [0x0000000796200000,0x00000007963ff310,0x0000000796400000)
  to   space 3072K, 0% used [0x0000000795f00000,0x0000000795f00000,0x0000000796200000)
 ParOldGen       total 129536K, used 4739K [0x0000000740000000, 0x0000000747e80000, 0x0000000795580000)
  object space 129536K, 3% used [0x0000000740000000,0x00000007404a0f10,0x0000000747e80000)
 Metaspace       used 18468K, capacity 18658K, committed 18944K, reserved 1064960K
  class space    used 2377K, capacity 2438K, committed 2560K, reserved 1048576K
GC Heap History (10 events):
Event: 0.349 GC heap before
{Heap before GC invocations=8 (full 0):
 PSYoungGen      total 3072K, used 2603K [0x0000000795580000, 0x0000000795b80000, 0x00000007c0000000)
  eden space 2048K, 100% used [0x0000000795580000,0x0000000795780000,0x0000000795780000)
  from space 1024K, 54% used [0x0000000795780000,0x000000079580ade8,0x0000000795880000)
  to   space 1024K, 0% used [0x0000000795a80000,0x0000000795a80000,0x0000000795b80000)
 ParOldGen       total 129536K, used 963K [0x0000000740000000, 0x0000000747e80000, 0x0000000795580000)
  object space 129536K, 0% used [0x0000000740000000,0x00000007400f0c30,0x0000000747e80000)
 Metaspace       used 5263K, capacity 6008K, committed 6272K, reserved 1056768K
  class space    used 536K, capacity 556K, committed 640K, reserved 1048576K
Event: 0.351 GC heap after
Heap after GC invocations=8 (full 0):
 PSYoungGen      total 5120K, used 734K [0x0000000795580000, 0x0000000795b80000, 0x00000007c0000000)
  eden space 4096K, 0% used [0x0000000795580000,0x0000000795580000,0x0000000795980000)
  from space 1024K, 71% used [0x0000000795a80000,0x0000000795b37878,0x0000000795b80000)
  to   space 1024K, 0% used [0x0000000795980000,0x0000000795980000,0x0000000795a80000)
 ParOldGen       total 129536K, used 995K [0x0000000740000000, 0x0000000747e80000, 0x0000000795580000)
  object space 129536K, 0% used [0x0000000740000000,0x00000007400f8c30,0x0000000747e80000)
 Metaspace       used 5263K, capacity 6008K, committed 6272K, reserved 1056768K
  class space    used 536K, capacity 556K, committed 640K, reserved 1048576K
}
Event: 0.436 GC heap before
{Heap before GC invocations=9 (full 0):
 PSYoungGen      total 5120K, used 4810K [0x0000000795580000, 0x0000000795b80000, 0x00000007c0000000)
  eden space 4096K, 99% used [0x0000000795580000,0x000000079597b090,0x0000000795980000)
  from space 1024K, 71% used [0x0000000795a80000,0x0000000795b37878,0x0000000795b80000)
  to   space 1024K, 0% used [0x0000000795980000,0x0000000795980000,0x0000000795a80000)
 ParOldGen       total 129536K, used 995K [0x0000000740000000, 0x0000000747e80000, 0x0000000795580000)
  object space 129536K, 0% used [0x0000000740000000,0x00000007400f8c30,0x0000000747e80000)
 Metaspace       used 6145K, capacity 6776K, committed 6912K, reserved 1056768K
  class space    used 647K, capacity 684K, committed 768K, reserved 1048576K
Event: 0.438 GC heap after
Heap after GC invocations=9 (full 0):
 PSYoungGen      total 5120K, used 1013K [0x0000000795580000, 0x0000000795f00000, 0x00000007c0000000)
  eden space 4096K, 0% used [0x0000000795580000,0x0000000795580000,0x0000000795980000)
  from space 1024K, 98% used [0x0000000795980000,0x0000000795a7d4b0,0x0000000795a80000)
  to   space 1536K, 0% used [0x0000000795d80000,0x0000000795d80000,0x0000000795f00000)
 ParOldGen       total 129536K, used 1233K [0x0000000740000000, 0x0000000747e80000, 0x0000000795580000)
  object space 129536K, 0% used [0x0000000740000000,0x0000000740134630,0x0000000747e80000)
 Metaspace       used 6145K, capacity 6776K, committed 6912K, reserved 1056768K
  class space    used 647K, capacity 684K, committed 768K, reserved 1048576K
}
Event: 0.751 GC heap before
{Heap before GC invocations=10 (full 0):
 PSYoungGen      total 5120K, used 5109K [0x0000000795580000, 0x0000000795f00000, 0x00000007c0000000)
  eden space 4096K, 100% used [0x0000000795580000,0x0000000795980000,0x0000000795980000)
  from space 1024K, 98% used [0x0000000795980000,0x0000000795a7d4b0,0x0000000795a80000)
  to   space 1536K, 0% used [0x0000000795d80000,0x0000000795d80000,0x0000000795f00000)
 ParOldGen       total 129536K, used 1233K [0x0000000740000000, 0x0000000747e80000, 0x0000000795580000)
  object space 129536K, 0% used [0x0000000740000000,0x0000000740134630,0x0000000747e80000)
 Metaspace       used 7660K, capacity 7784K, committed 8064K, reserved 1056768K
  class space    used 810K, capacity 844K, committed 896K, reserved 1048576K
Event: 0.753 GC heap after
Heap after GC invocations=10 (full 0):
 PSYoungGen      total 8192K, used 1091K [0x0000000795580000, 0x0000000795f00000, 0x00000007c0000000)
  eden space 6656K, 0% used [0x0000000795580000,0x0000000795580000,0x0000000795c00000)
  from space 1536K, 71% used [0x0000000795d80000,0x0000000795e90f28,0x0000000795f00000)
  to   space 1536K, 0% used [0x0000000795c00000,0x0000000795c00000,0x0000000795d80000)
 ParOldGen       total 129536K, used 1489K [0x0000000740000000, 0x0000000747e80000, 0x0000000795580000)
  object space 129536K, 1% used [0x0000000740000000,0x0000000740174630,0x0000000747e80000)
 Metaspace       used 7660K, capacity 7784K, committed 8064K, reserved 1056768K
  class space    used 810K, capacity 844K, committed 896K, reserved 1048576K
}
Event: 0.990 GC heap before
{Heap before GC invocations=11 (full 0):
 PSYoungGen      total 8192K, used 7747K [0x0000000795580000, 0x0000000795f00000, 0x00000007c0000000)
  eden space 6656K, 100% used [0x0000000795580000,0x0000000795c00000,0x0000000795c00000)
  from space 1536K, 71% used [0x0000000795d80000,0x0000000795e90f28,0x0000000795f00000)
  to   space 1536K, 0% used [0x0000000795c00000,0x0000000795c00000,0x0000000795d80000)
 ParOldGen       total 129536K, used 1489K [0x0000000740000000, 0x0000000747e80000, 0x0000000795580000)
  object space 129536K, 1% used [0x0000000740000000,0x0000000740174630,0x0000000747e80000)
 Metaspace       used 11811K, capacity 11996K, committed 12288K, reserved 1060864K
  class space    used 1380K, capacity 1444K, committed 1536K, reserved 1048576K
Event: 0.995 GC heap after
Heap after GC invocations=11 (full 0):
 PSYoungGen      total 8192K, used 1536K [0x0000000795580000, 0x0000000796400000, 0x00000007c0000000)
  eden space 6656K, 0% used [0x0000000795580000,0x0000000795580000,0x0000000795c00000)
  from space 1536K, 100% used [0x0000000795c00000,0x0000000795d80000,0x0000000795d80000)
  to   space 2048K, 0% used [0x0000000796200000,0x0000000796200000,0x0000000796400000)
 ParOldGen       total 129536K, used 1923K [0x0000000740000000, 0x0000000747e80000, 0x0000000795580000)
  object space 129536K, 1% used [0x0000000740000000,0x00000007401e0d68,0x0000000747e80000)
 Metaspace       used 11811K, capacity 11996K, committed 12288K, reserved 1060864K
  class space    used 1380K, capacity 1444K, committed 1536K, reserved 1048576K
}
Event: 3.331 GC heap before
{Heap before GC invocations=12 (full 0):
 PSYoungGen      total 8192K, used 8192K [0x0000000795580000, 0x0000000796400000, 0x00000007c0000000)
  eden space 6656K, 100% used [0x0000000795580000,0x0000000795c00000,0x0000000795c00000)
  from space 1536K, 100% used [0x0000000795c00000,0x0000000795d80000,0x0000000795d80000)
  to   space 2048K, 0% used [0x0000000796200000,0x0000000796200000,0x0000000796400000)
 ParOldGen       total 129536K, used 1923K [0x0000000740000000, 0x0000000747e80000, 0x0000000795580000)
  object space 129536K, 1% used [0x0000000740000000,0x00000007401e0d68,0x0000000747e80000)
 Metaspace       used 17856K, capacity 18070K, committed 18304K, reserved 1064960K
  class space    used 2303K, capacity 2370K, committed 2432K, reserved 1048576K
Event: 3.347 GC heap after
Heap after GC invocations=12 (full 0):
 PSYoungGen      total 11776K, used 2044K [0x0000000795580000, 0x0000000796600000, 0x00000007c0000000)
  eden space 9728K, 0% used [0x0000000795580000,0x0000000795580000,0x0000000795f00000)
  from space 2048K, 99% used [0x0000000796200000,0x00000007963ff310,0x0000000796400000)
  to   space 3072K, 0% used [0x0000000795f00000,0x0000000795f00000,0x0000000796200000)
 ParOldGen       total 129536K, used 4739K [0x0000000740000000, 0x0000000747e80000, 0x0000000795580000)
  object space 129536K, 3% used [0x0000000740000000,0x00000007404a0f10,0x0000000747e80000)
 Metaspace       used 17856K, capacity 18070K, committed 18304K, reserved 1064960K
  class space    used 2303K, capacity 2370K, committed 2432K, reserved 1048576K
}

