# JRE version: Java(TM) SE Runtime Environment (8.0_05-b13) (build 1.8.0_05-b13)
# Java VM: Java HotSpot(TM) 64-Bit Server VM (25.5-b02 mixed mode bsd-amd64 compressed oops)
Heap:
 PSYoungGen      total 8192K, used 7104K [0x0000000795580000, 0x0000000796400000, 0x00000007c0000000)
  eden space 6656K, 83% used [0x0000000795580000,0x0000000795af0030,0x0000000795c00000)
  from space 1536K, 100% used [0x0000000795c00000,0x0000000795d80000,0x0000000795d80000)
  to   space 2048K, 0% used [0x0000000796200000,0x0000000796200000,0x0000000796400000)
 ParOldGen       total 129536K, used 2001K [0x0000000740000000, 0x0000000747e80000, 0x0000000795580000)
  object space 129536K, 1% used [0x0000000740000000,0x00000007401f44c0,0x0000000747e80000)
 Metaspace       used 17998K, capacity 18230K, committed 18560K, reserved 1064960K
  class space    used 2329K, capacity 2402K, committed 2432K, reserved 1048576K
GC Heap History (10 events):
Event: 0.285 GC heap before
{Heap before GC invocations=7 (full 0):
 PSYoungGen      total 3072K, used 2836K [0x0000000795580000, 0x0000000795980000, 0x00000007c0000000)
  eden space 2048K, 100% used [0x0000000795580000,0x0000000795780000,0x0000000795780000)
  from space 1024K, 77% used [0x0000000795880000,0x0000000795945330,0x0000000795980000)
  to   space 1024K, 0% used [0x0000000795780000,0x0000000795780000,0x0000000795880000)
 ParOldGen       total 129536K, used 573K [0x0000000740000000, 0x0000000747e80000, 0x0000000795580000)
  object space 129536K, 0% used [0x0000000740000000,0x000000074008f4b8,0x0000000747e80000)
 Metaspace       used 4337K, capacity 5552K, committed 5632K, reserved 1056768K
  class space    used 451K, capacity 484K, committed 512K, reserved 1048576K
Event: 0.288 GC heap after
Heap after GC invocations=7 (full 0):
 PSYoungGen      total 3072K, used 652K [0x0000000795580000, 0x0000000795b80000, 0x00000007c0000000)
  eden space 2048K, 0% used [0x0000000795580000,0x0000000795580000,0x0000000795780000)
  from space 1024K, 63% used [0x0000000795780000,0x0000000795823140,0x0000000795880000)
  to   space 1024K, 0% used [0x0000000795a80000,0x0000000795a80000,0x0000000795b80000)
 ParOldGen       total 129536K, used 941K [0x0000000740000000, 0x0000000747e80000, 0x0000000795580000)
  object space 129536K, 0% used [0x0000000740000000,0x00000007400eb508,0x0000000747e80000)
 Metaspace       used 4337K, capacity 5552K, committed 5632K, reserved 1056768K
  class space    used 451K, capacity 484K, committed 512K, reserved 1048576K
}
Event: 0.357 GC heap before
{Heap before GC invocations=8 (full 0):
 PSYoungGen      total 3072K, used 2696K [0x0000000795580000, 0x0000000795b80000, 0x00000007c0000000)
  eden space 2048K, 99% used [0x0000000795580000,0x000000079577efc0,0x0000000795780000)
  from space 1024K, 63% used [0x0000000795780000,0x0000000795823140,0x0000000795880000)
  to   space 1024K, 0% used [0x0000000795a80000,0x0000000795a80000,0x0000000795b80000)
 ParOldGen       total 129536K, used 941K [0x0000000740000000, 0x0000000747e80000, 0x0000000795580000)
  object space 129536K, 0% used [0x0000000740000000,0x00000007400eb508,0x0000000747e80000)
 Metaspace       used 5262K, capacity 6008K, committed 6272K, reserved 1056768K
  class space    used 536K, capacity 556K, committed 640K, reserved 1048576K
Event: 0.358 GC heap after
Heap after GC invocations=8 (full 0):
 PSYoungGen      total 5120K, used 718K [0x0000000795580000, 0x0000000795b80000, 0x00000007c0000000)
  eden space 4096K, 0% used [0x0000000795580000,0x0000000795580000,0x0000000795980000)
  from space 1024K, 70% used [0x0000000795a80000,0x0000000795b33ab8,0x0000000795b80000)
  to   space 1024K, 0% used [0x0000000795980000,0x0000000795980000,0x0000000795a80000)
 ParOldGen       total 129536K, used 1022K [0x0000000740000000, 0x0000000747e80000, 0x0000000795580000)
  object space 129536K, 0% used [0x0000000740000000,0x00000007400ff870,0x0000000747e80000)
 Metaspace       used 5262K, capacity 6008K, committed 6272K, reserved 1056768K
  class space    used 536K, capacity 556K, committed 640K, reserved 1048576K
}
Event: 0.453 GC heap before
{Heap before GC invocations=9 (full 0):
 PSYoungGen      total 5120K, used 4814K [0x0000000795580000, 0x0000000795b80000, 0x00000007c0000000)
  eden space 4096K, 100% used [0x0000000795580000,0x0000000795980000,0x0000000795980000)
  from space 1024K, 70% used [0x0000000795a80000,0x0000000795b33ab8,0x0000000795b80000)
  to   space 1024K, 0% used [0x0000000795980000,0x0000000795980000,0x0000000795a80000)
 ParOldGen       total 129536K, used 1022K [0x0000000740000000, 0x0000000747e80000, 0x0000000795580000)
  object space 129536K, 0% used [0x0000000740000000,0x00000007400ff870,0x0000000747e80000)
 Metaspace       used 6151K, capacity 6776K, committed 6912K, reserved 1056768K
  class space    used 643K, capacity 684K, committed 768K, reserved 1048576K
Event: 0.455 GC heap after
Heap after GC invocations=9 (full 0):
 PSYoungGen      total 5120K, used 999K [0x0000000795580000, 0x0000000795f00000, 0x00000007c0000000)
  eden space 4096K, 0% used [0x0000000795580000,0x0000000795580000,0x0000000795980000)
  from space 1024K, 97% used [0x0000000795980000,0x0000000795a79d88,0x0000000795a80000)
  to   space 1536K, 0% used [0x0000000795d80000,0x0000000795d80000,0x0000000795f00000)
 ParOldGen       total 129536K, used 1284K [0x0000000740000000, 0x0000000747e80000, 0x0000000795580000)
  object space 129536K, 0% used [0x0000000740000000,0x00000007401412e8,0x0000000747e80000)
 Metaspace       used 6151K, capacity 6776K, committed 6912K, reserved 1056768K
  class space    used 643K, capacity 684K, committed 768K, reserved 1048576K
}
Event: 0.703 GC heap before
{Heap before GC invocations=10 (full 0):
 PSYoungGen      total 5120K, used 5095K [0x0000000795580000, 0x0000000795f00000, 0x00000007c0000000)
  eden space 4096K, 100% used [0x0000000795580000,0x0000000795980000,0x0000000795980000)
  from space 1024K, 97% used [0x0000000795980000,0x0000000795a79d88,0x0000000795a80000)
  to   space 1536K, 0% used [0x0000000795d80000,0x0000000795d80000,0x0000000795f00000)
 ParOldGen       total 129536K, used 1284K [0x0000000740000000, 0x0000000747e80000, 0x0000000795580000)
  object space 129536K, 0% used [0x0000000740000000,0x00000007401412e8,0x0000000747e80000)
 Metaspace       used 7646K, capacity 7720K, committed 7808K, reserved 1056768K
  class space    used 810K, capacity 844K, committed 896K, reserved 1048576K
Event: 0.706 GC heap after
Heap after GC invocations=10 (full 0):
 PSYoungGen      total 8192K, used 1073K [0x0000000795580000, 0x0000000795f00000, 0x00000007c0000000)
  eden space 6656K, 0% used [0x0000000795580000,0x0000000795580000,0x0000000795c00000)
  from space 1536K, 69% used [0x0000000795d80000,0x0000000795e8c560,0x0000000795f00000)
  to   space 1536K, 0% used [0x0000000795c00000,0x0000000795c00000,0x0000000795d80000)
 ParOldGen       total 129536K, used 1532K [0x0000000740000000, 0x0000000747e80000, 0x0000000795580000)
  object space 129536K, 1% used [0x0000000740000000,0x000000074017f2e8,0x0000000747e80000)
 Metaspace       used 7646K, capacity 7720K, committed 7808K, reserved 1056768K
  class space    used 810K, capacity 844K, committed 896K, reserved 1048576K
}
Event: 0.996 GC heap before
{Heap before GC invocations=11 (full 0):
 PSYoungGen      total 8192K, used 7729K [0x0000000795580000, 0x0000000795f00000, 0x00000007c0000000)
  eden space 6656K, 100% used [0x0000000795580000,0x0000000795c00000,0x0000000795c00000)
  from space 1536K, 69% used [0x0000000795d80000,0x0000000795e8c560,0x0000000795f00000)
  to   space 1536K, 0% used [0x0000000795c00000,0x0000000795c00000,0x0000000795d80000)
 ParOldGen       total 129536K, used 1532K [0x0000000740000000, 0x0000000747e80000, 0x0000000795580000)
  object space 129536K, 1% used [0x0000000740000000,0x000000074017f2e8,0x0000000747e80000)
 Metaspace       used 11822K, capacity 11996K, committed 12288K, reserved 1060864K
  class space    used 1388K, capacity 1444K, committed 1536K, reserved 1048576K
Event: 1.001 GC heap after
Heap after GC invocations=11 (full 0):
 PSYoungGen      total 8192K, used 1536K [0x0000000795580000, 0x0000000796400000, 0x00000007c0000000)
  eden space 6656K, 0% used [0x0000000795580000,0x0000000795580000,0x0000000795c00000)
  from space 1536K, 100% used [0x0000000795c00000,0x0000000795d80000,0x0000000795d80000)
  to   space 2048K, 0% used [0x0000000796200000,0x0000000796200000,0x0000000796400000)
 ParOldGen       total 129536K, used 2001K [0x0000000740000000, 0x0000000747e80000, 0x0000000795580000)
  object space 129536K, 1% used [0x0000000740000000,0x00000007401f44c0,0x0000000747e80000)
 Metaspace       used 11822K, capacity 11996K, committed 12288K, reserved 1060864K
  class space    used 1388K, capacity 1444K, committed 1536K, reserved 1048576K
}

