# JRE version: Java(TM) SE Runtime Environment (8.0_05-b13) (build 1.8.0_05-b13)
# Java VM: Java HotSpot(TM) 64-Bit Server VM (25.5-b02 mixed mode bsd-amd64 compressed oops)
Heap:
 PSYoungGen      total 12800K, used 4132K [0x0000000795580000, 0x0000000796700000, 0x00000007c0000000)
  eden space 10752K, 19% used [0x0000000795580000,0x0000000795790960,0x0000000796000000)
  from space 2048K, 98% used [0x0000000796300000,0x00000007964f8a80,0x0000000796500000)
  to   space 3072K, 0% used [0x0000000796000000,0x0000000796000000,0x0000000796300000)
 ParOldGen       total 129536K, used 3522K [0x0000000740000000, 0x0000000747e80000, 0x0000000795580000)
  object space 129536K, 2% used [0x0000000740000000,0x0000000740370b28,0x0000000747e80000)
 Metaspace       used 18094K, capacity 18262K, committed 18560K, reserved 1064960K
  class space    used 2314K, capacity 2370K, committed 2432K, reserved 1048576K
GC Heap History (10 events):
Event: 0.312 GC heap before
{Heap before GC invocations=6 (full 0):
 PSYoungGen      total 2560K, used 2521K [0x0000000795580000, 0x0000000795b80000, 0x00000007c0000000)
  eden space 2048K, 99% used [0x0000000795580000,0x000000079577e510,0x0000000795780000)
  from space 512K, 93% used [0x0000000795780000,0x00000007957f8020,0x0000000795800000)
  to   space 1024K, 0% used [0x0000000795a80000,0x0000000795a80000,0x0000000795b80000)
 ParOldGen       total 129536K, used 1023K [0x0000000740000000, 0x0000000747e80000, 0x0000000795580000)
  object space 129536K, 0% used [0x0000000740000000,0x00000007400fffa8,0x0000000747e80000)
 Metaspace       used 4991K, capacity 5784K, committed 6016K, reserved 1056768K
  class space    used 515K, capacity 524K, committed 640K, reserved 1048576K
Event: 0.313 GC heap after
Heap after GC invocations=6 (full 0):
 PSYoungGen      total 4608K, used 1006K [0x0000000795580000, 0x0000000795c80000, 0x00000007c0000000)
  eden space 3584K, 0% used [0x0000000795580000,0x0000000795580000,0x0000000795900000)
  from space 1024K, 98% used [0x0000000795a80000,0x0000000795b7bac8,0x0000000795b80000)
  to   space 1536K, 0% used [0x0000000795900000,0x0000000795900000,0x0000000795a80000)
 ParOldGen       total 129536K, used 1149K [0x0000000740000000, 0x0000000747e80000, 0x0000000795580000)
  object space 129536K, 0% used [0x0000000740000000,0x000000074011f7f0,0x0000000747e80000)
 Metaspace       used 4991K, capacity 5784K, committed 6016K, reserved 1056768K
  class space    used 515K, capacity 524K, committed 640K, reserved 1048576K
}
Event: 0.376 GC heap before
{Heap before GC invocations=7 (full 0):
 PSYoungGen      total 4608K, used 4590K [0x0000000795580000, 0x0000000795c80000, 0x00000007c0000000)
  eden space 3584K, 100% used [0x0000000795580000,0x0000000795900000,0x0000000795900000)
  from space 1024K, 98% used [0x0000000795a80000,0x0000000795b7bac8,0x0000000795b80000)
  to   space 1536K, 0% used [0x0000000795900000,0x0000000795900000,0x0000000795a80000)
 ParOldGen       total 129536K, used 1149K [0x0000000740000000, 0x0000000747e80000, 0x0000000795580000)
  object space 129536K, 0% used [0x0000000740000000,0x000000074011f7f0,0x0000000747e80000)
 Metaspace       used 5767K, capacity 6520K, committed 6784K, reserved 1056768K
  class space    used 602K, capacity 620K, committed 640K, reserved 1048576K
Event: 0.377 GC heap after
Heap after GC invocations=7 (full 0):
 PSYoungGen      total 5120K, used 1180K [0x0000000795580000, 0x0000000795f80000, 0x00000007c0000000)
  eden space 3584K, 0% used [0x0000000795580000,0x0000000795580000,0x0000000795900000)
  from space 1536K, 76% used [0x0000000795900000,0x0000000795a271b8,0x0000000795a80000)
  to   space 1536K, 0% used [0x0000000795e00000,0x0000000795e00000,0x0000000795f80000)
 ParOldGen       total 129536K, used 1510K [0x0000000740000000, 0x0000000747e80000, 0x0000000795580000)
  object space 129536K, 1% used [0x0000000740000000,0x0000000740179840,0x0000000747e80000)
 Metaspace       used 5767K, capacity 6520K, committed 6784K, reserved 1056768K
  class space    used 602K, capacity 620K, committed 640K, reserved 1048576K
}
Event: 0.596 GC heap before
{Heap before GC invocations=8 (full 0):
 PSYoungGen      total 5120K, used 4759K [0x0000000795580000, 0x0000000795f80000, 0x00000007c0000000)
  eden space 3584K, 99% used [0x0000000795580000,0x00000007958fea60,0x0000000795900000)
  from space 1536K, 76% used [0x0000000795900000,0x0000000795a271b8,0x0000000795a80000)
  to   space 1536K, 0% used [0x0000000795e00000,0x0000000795e00000,0x0000000795f80000)
 ParOldGen       total 129536K, used 1510K [0x0000000740000000, 0x0000000747e80000, 0x0000000795580000)
  object space 129536K, 1% used [0x0000000740000000,0x0000000740179840,0x0000000747e80000)
 Metaspace       used 7157K, capacity 7272K, committed 7552K, reserved 1056768K
  class space    used 746K, capacity 780K, committed 896K, reserved 1048576K
Event: 0.599 GC heap after
Heap after GC invocations=8 (full 0):
 PSYoungGen      total 8704K, used 1289K [0x0000000795580000, 0x0000000795f80000, 0x00000007c0000000)
  eden space 7168K, 0% used [0x0000000795580000,0x0000000795580000,0x0000000795c80000)
  from space 1536K, 83% used [0x0000000795e00000,0x0000000795f42648,0x0000000795f80000)
  to   space 1536K, 0% used [0x0000000795c80000,0x0000000795c80000,0x0000000795e00000)
 ParOldGen       total 129536K, used 1550K [0x0000000740000000, 0x0000000747e80000, 0x0000000795580000)
  object space 129536K, 1% used [0x0000000740000000,0x0000000740183840,0x0000000747e80000)
 Metaspace       used 7157K, capacity 7272K, committed 7552K, reserved 1056768K
  class space    used 746K, capacity 780K, committed 896K, reserved 1048576K
}
Event: 0.812 GC heap before
{Heap before GC invocations=9 (full 0):
 PSYoungGen      total 8704K, used 8457K [0x0000000795580000, 0x0000000795f80000, 0x00000007c0000000)
  eden space 7168K, 100% used [0x0000000795580000,0x0000000795c80000,0x0000000795c80000)
  from space 1536K, 83% used [0x0000000795e00000,0x0000000795f42648,0x0000000795f80000)
  to   space 1536K, 0% used [0x0000000795c80000,0x0000000795c80000,0x0000000795e00000)
 ParOldGen       total 129536K, used 1550K [0x0000000740000000, 0x0000000747e80000, 0x0000000795580000)
  object space 129536K, 1% used [0x0000000740000000,0x0000000740183840,0x0000000747e80000)
 Metaspace       used 9853K, capacity 10018K, committed 10112K, reserved 1058816K
  class space    used 1085K, capacity 1141K, committed 1152K, reserved 1048576K
Event: 0.818 GC heap after
Heap after GC invocations=9 (full 0):
 PSYoungGen      total 8704K, used 1508K [0x0000000795580000, 0x0000000796500000, 0x00000007c0000000)
  eden space 7168K, 0% used [0x0000000795580000,0x0000000795580000,0x0000000795c80000)
  from space 1536K, 98% used [0x0000000795c80000,0x0000000795df91a8,0x0000000795e00000)
  to   space 2048K, 0% used [0x0000000796300000,0x0000000796300000,0x0000000796500000)
 ParOldGen       total 129536K, used 1798K [0x0000000740000000, 0x0000000747e80000, 0x0000000795580000)
  object space 129536K, 1% used [0x0000000740000000,0x00000007401c1840,0x0000000747e80000)
 Metaspace       used 9853K, capacity 10018K, committed 10112K, reserved 1058816K
  class space    used 1085K, capacity 1141K, committed 1152K, reserved 1048576K
}
Event: 1.772 GC heap before
{Heap before GC invocations=10 (full 0):
 PSYoungGen      total 8704K, used 8579K [0x0000000795580000, 0x0000000796500000, 0x00000007c0000000)
  eden space 7168K, 98% used [0x0000000795580000,0x0000000795c67d78,0x0000000795c80000)
  from space 1536K, 98% used [0x0000000795c80000,0x0000000795df91a8,0x0000000795e00000)
  to   space 2048K, 0% used [0x0000000796300000,0x0000000796300000,0x0000000796500000)
 ParOldGen       total 129536K, used 1798K [0x0000000740000000, 0x0000000747e80000, 0x0000000795580000)
  object space 129536K, 1% used [0x0000000740000000,0x00000007401c1840,0x0000000747e80000)
 Metaspace       used 17421K, capacity 17654K, committed 17920K, reserved 1064960K
  class space    used 2224K, capacity 2274K, committed 2304K, reserved 1048576K
Event: 1.779 GC heap after
Heap after GC invocations=10 (full 0):
 PSYoungGen      total 12800K, used 2018K [0x0000000795580000, 0x0000000796700000, 0x00000007c0000000)
  eden space 10752K, 0% used [0x0000000795580000,0x0000000795580000,0x0000000796000000)
  from space 2048K, 98% used [0x0000000796300000,0x00000007964f8a80,0x0000000796500000)
  to   space 3072K, 0% used [0x0000000796000000,0x0000000796000000,0x0000000796300000)
 ParOldGen       total 129536K, used 3522K [0x0000000740000000, 0x0000000747e80000, 0x0000000795580000)
  object space 129536K, 2% used [0x0000000740000000,0x0000000740370b28,0x0000000747e80000)
 Metaspace       used 17421K, capacity 17654K, committed 17920K, reserved 1064960K
  class space    used 2224K, capacity 2274K, committed 2304K, reserved 1048576K
}

