# JRE version: Java(TM) SE Runtime Environment (8.0_05-b13) (build 1.8.0_05-b13)
# Java VM: Java HotSpot(TM) 64-Bit Server VM (25.5-b02 mixed mode bsd-amd64 compressed oops)
Heap:
 PSYoungGen      total 13312K, used 2851K [0x0000000795580000, 0x0000000796600000, 0x00000007c0000000)
  eden space 11264K, 7% used [0x0000000795580000,0x00000007956501c8,0x0000000796080000)
  from space 2048K, 98% used [0x0000000796300000,0x00000007964f8cf0,0x0000000796500000)
  to   space 2560K, 0% used [0x0000000796080000,0x0000000796080000,0x0000000796300000)
 ParOldGen       total 129536K, used 2935K [0x0000000740000000, 0x0000000747e80000, 0x0000000795580000)
  object space 129536K, 2% used [0x0000000740000000,0x00000007402ddf98,0x0000000747e80000)
 Metaspace       used 18196K, capacity 18390K, committed 18560K, reserved 1064960K
  class space    used 2332K, capacity 2370K, committed 2432K, reserved 1048576K
GC Heap History (10 events):
Event: 0.303 GC heap before
{Heap before GC invocations=6 (full 0):
 PSYoungGen      total 2560K, used 2505K [0x0000000795580000, 0x0000000795b80000, 0x00000007c0000000)
  eden space 2048K, 98% used [0x0000000795580000,0x000000079577a740,0x0000000795780000)
  from space 512K, 93% used [0x0000000795780000,0x00000007957f8020,0x0000000795800000)
  to   space 1024K, 0% used [0x0000000795a80000,0x0000000795a80000,0x0000000795b80000)
 ParOldGen       total 129536K, used 1055K [0x0000000740000000, 0x0000000747e80000, 0x0000000795580000)
  object space 129536K, 0% used [0x0000000740000000,0x0000000740107e88,0x0000000747e80000)
 Metaspace       used 4998K, capacity 5784K, committed 6016K, reserved 1056768K
  class space    used 516K, capacity 524K, committed 640K, reserved 1048576K
Event: 0.304 GC heap after
Heap after GC invocations=6 (full 0):
 PSYoungGen      total 4608K, used 993K [0x0000000795580000, 0x0000000795c80000, 0x00000007c0000000)
  eden space 3584K, 0% used [0x0000000795580000,0x0000000795580000,0x0000000795900000)
  from space 1024K, 97% used [0x0000000795a80000,0x0000000795b78538,0x0000000795b80000)
  to   space 1536K, 0% used [0x0000000795900000,0x0000000795900000,0x0000000795a80000)
 ParOldGen       total 129536K, used 1124K [0x0000000740000000, 0x0000000747e80000, 0x0000000795580000)
  object space 129536K, 0% used [0x0000000740000000,0x00000007401193a8,0x0000000747e80000)
 Metaspace       used 4998K, capacity 5784K, committed 6016K, reserved 1056768K
  class space    used 516K, capacity 524K, committed 640K, reserved 1048576K
}
Event: 0.375 GC heap before
{Heap before GC invocations=7 (full 0):
 PSYoungGen      total 4608K, used 4577K [0x0000000795580000, 0x0000000795c80000, 0x00000007c0000000)
  eden space 3584K, 100% used [0x0000000795580000,0x0000000795900000,0x0000000795900000)
  from space 1024K, 97% used [0x0000000795a80000,0x0000000795b78538,0x0000000795b80000)
  to   space 1536K, 0% used [0x0000000795900000,0x0000000795900000,0x0000000795a80000)
 ParOldGen       total 129536K, used 1124K [0x0000000740000000, 0x0000000747e80000, 0x0000000795580000)
  object space 129536K, 0% used [0x0000000740000000,0x00000007401193a8,0x0000000747e80000)
 Metaspace       used 5781K, capacity 6520K, committed 6784K, reserved 1056768K
  class space    used 603K, capacity 620K, committed 640K, reserved 1048576K
Event: 0.376 GC heap after
Heap after GC invocations=7 (full 0):
 PSYoungGen      total 5120K, used 1143K [0x0000000795580000, 0x0000000795f80000, 0x00000007c0000000)
  eden space 3584K, 0% used [0x0000000795580000,0x0000000795580000,0x0000000795900000)
  from space 1536K, 74% used [0x0000000795900000,0x0000000795a1dec8,0x0000000795a80000)
  to   space 1536K, 0% used [0x0000000795e00000,0x0000000795e00000,0x0000000795f80000)
 ParOldGen       total 129536K, used 1484K [0x0000000740000000, 0x0000000747e80000, 0x0000000795580000)
  object space 129536K, 1% used [0x0000000740000000,0x00000007401733f8,0x0000000747e80000)
 Metaspace       used 5781K, capacity 6520K, committed 6784K, reserved 1056768K
  class space    used 603K, capacity 620K, committed 640K, reserved 1048576K
}
Event: 0.568 GC heap before
{Heap before GC invocations=8 (full 0):
 PSYoungGen      total 5120K, used 4727K [0x0000000795580000, 0x0000000795f80000, 0x00000007c0000000)
  eden space 3584K, 100% used [0x0000000795580000,0x0000000795900000,0x0000000795900000)
  from space 1536K, 74% used [0x0000000795900000,0x0000000795a1dec8,0x0000000795a80000)
  to   space 1536K, 0% used [0x0000000795e00000,0x0000000795e00000,0x0000000795f80000)
 ParOldGen       total 129536K, used 1484K [0x0000000740000000, 0x0000000747e80000, 0x0000000795580000)
  object space 129536K, 1% used [0x0000000740000000,0x00000007401733f8,0x0000000747e80000)
 Metaspace       used 7160K, capacity 7272K, committed 7552K, reserved 1056768K
  class space    used 746K, capacity 780K, committed 896K, reserved 1048576K
Event: 0.570 GC heap after
Heap after GC invocations=8 (full 0):
 PSYoungGen      total 8704K, used 1193K [0x0000000795580000, 0x0000000795f80000, 0x00000007c0000000)
  eden space 7168K, 0% used [0x0000000795580000,0x0000000795580000,0x0000000795c80000)
  from space 1536K, 77% used [0x0000000795e00000,0x0000000795f2a4d8,0x0000000795f80000)
  to   space 1536K, 0% used [0x0000000795c80000,0x0000000795c80000,0x0000000795e00000)
 ParOldGen       total 129536K, used 1524K [0x0000000740000000, 0x0000000747e80000, 0x0000000795580000)
  object space 129536K, 1% used [0x0000000740000000,0x000000074017d3f8,0x0000000747e80000)
 Metaspace       used 7160K, capacity 7272K, committed 7552K, reserved 1056768K
  class space    used 746K, capacity 780K, committed 896K, reserved 1048576K
}
Event: 0.791 GC heap before
{Heap before GC invocations=9 (full 0):
 PSYoungGen      total 8704K, used 8361K [0x0000000795580000, 0x0000000795f80000, 0x00000007c0000000)
  eden space 7168K, 100% used [0x0000000795580000,0x0000000795c80000,0x0000000795c80000)
  from space 1536K, 77% used [0x0000000795e00000,0x0000000795f2a4d8,0x0000000795f80000)
  to   space 1536K, 0% used [0x0000000795c80000,0x0000000795c80000,0x0000000795e00000)
 ParOldGen       total 129536K, used 1524K [0x0000000740000000, 0x0000000747e80000, 0x0000000795580000)
  object space 129536K, 1% used [0x0000000740000000,0x000000074017d3f8,0x0000000747e80000)
 Metaspace       used 9838K, capacity 10014K, committed 10112K, reserved 1058816K
  class space    used 1083K, capacity 1139K, committed 1152K, reserved 1048576K
Event: 0.794 GC heap after
Heap after GC invocations=9 (full 0):
 PSYoungGen      total 8704K, used 1508K [0x0000000795580000, 0x0000000796500000, 0x00000007c0000000)
  eden space 7168K, 0% used [0x0000000795580000,0x0000000795580000,0x0000000795c80000)
  from space 1536K, 98% used [0x0000000795c80000,0x0000000795df91a8,0x0000000795e00000)
  to   space 2048K, 0% used [0x0000000796300000,0x0000000796300000,0x0000000796500000)
 ParOldGen       total 129536K, used 1772K [0x0000000740000000, 0x0000000747e80000, 0x0000000795580000)
  object space 129536K, 1% used [0x0000000740000000,0x00000007401bb3f8,0x0000000747e80000)
 Metaspace       used 9838K, capacity 10014K, committed 10112K, reserved 1058816K
  class space    used 1083K, capacity 1139K, committed 1152K, reserved 1048576K
}
Event: 5.187 GC heap before
{Heap before GC invocations=10 (full 0):
 PSYoungGen      total 8704K, used 8676K [0x0000000795580000, 0x0000000796500000, 0x00000007c0000000)
  eden space 7168K, 100% used [0x0000000795580000,0x0000000795c80000,0x0000000795c80000)
  from space 1536K, 98% used [0x0000000795c80000,0x0000000795df91a8,0x0000000795e00000)
  to   space 2048K, 0% used [0x0000000796300000,0x0000000796300000,0x0000000796500000)
 ParOldGen       total 129536K, used 1772K [0x0000000740000000, 0x0000000747e80000, 0x0000000795580000)
  object space 129536K, 1% used [0x0000000740000000,0x00000007401bb3f8,0x0000000747e80000)
 Metaspace       used 18002K, capacity 18198K, committed 18560K, reserved 1064960K
  class space    used 2315K, capacity 2370K, committed 2432K, reserved 1048576K
Event: 5.194 GC heap after
Heap after GC invocations=10 (full 0):
 PSYoungGen      total 13312K, used 2019K [0x0000000795580000, 0x0000000796600000, 0x00000007c0000000)
  eden space 11264K, 0% used [0x0000000795580000,0x0000000795580000,0x0000000796080000)
  from space 2048K, 98% used [0x0000000796300000,0x00000007964f8cf0,0x0000000796500000)
  to   space 2560K, 0% used [0x0000000796080000,0x0000000796080000,0x0000000796300000)
 ParOldGen       total 129536K, used 2935K [0x0000000740000000, 0x0000000747e80000, 0x0000000795580000)
  object space 129536K, 2% used [0x0000000740000000,0x00000007402ddf98,0x0000000747e80000)
 Metaspace       used 18002K, capacity 18198K, committed 18560K, reserved 1064960K
  class space    used 2315K, capacity 2370K, committed 2432K, reserved 1048576K
}

