# JRE version: Java(TM) SE Runtime Environment (8.0_05-b13) (build 1.8.0_05-b13)
# Java VM: Java HotSpot(TM) 64-Bit Server VM (25.5-b02 mixed mode bsd-amd64 compressed oops)
Heap:
 PSYoungGen      total 8192K, used 7414K [0x0000000795580000, 0x0000000796400000, 0x00000007c0000000)
  eden space 6656K, 88% used [0x0000000795580000,0x0000000795b3d880,0x0000000795c00000)
  from space 1536K, 100% used [0x0000000795c00000,0x0000000795d80000,0x0000000795d80000)
  to   space 2048K, 0% used [0x0000000796200000,0x0000000796200000,0x0000000796400000)
 ParOldGen       total 129536K, used 1980K [0x0000000740000000, 0x0000000747e80000, 0x0000000795580000)
  object space 129536K, 1% used [0x0000000740000000,0x00000007401ef238,0x0000000747e80000)
 Metaspace       used 18142K, capacity 18406K, committed 18560K, reserved 1064960K
  class space    used 2338K, capacity 2402K, committed 2432K, reserved 1048576K
GC Heap History (10 events):
Event: 0.313 GC heap before
{Heap before GC invocations=7 (full 0):
 PSYoungGen      total 3072K, used 2804K [0x0000000795580000, 0x0000000795980000, 0x00000007c0000000)
  eden space 2048K, 99% used [0x0000000795580000,0x000000079577f288,0x0000000795780000)
  from space 1024K, 74% used [0x0000000795880000,0x000000079593dfa0,0x0000000795980000)
  to   space 1024K, 0% used [0x0000000795780000,0x0000000795780000,0x0000000795880000)
 ParOldGen       total 129536K, used 567K [0x0000000740000000, 0x0000000747e80000, 0x0000000795580000)
  object space 129536K, 0% used [0x0000000740000000,0x000000074008ddd8,0x0000000747e80000)
 Metaspace       used 4203K, capacity 5552K, committed 5632K, reserved 1056768K
  class space    used 437K, capacity 484K, committed 512K, reserved 1048576K
Event: 0.316 GC heap after
Heap after GC invocations=7 (full 0):
 PSYoungGen      total 3072K, used 523K [0x0000000795580000, 0x0000000795b80000, 0x00000007c0000000)
  eden space 2048K, 0% used [0x0000000795580000,0x0000000795580000,0x0000000795780000)
  from space 1024K, 51% used [0x0000000795780000,0x0000000795802de8,0x0000000795880000)
  to   space 1024K, 0% used [0x0000000795a80000,0x0000000795a80000,0x0000000795b80000)
 ParOldGen       total 129536K, used 971K [0x0000000740000000, 0x0000000747e80000, 0x0000000795580000)
  object space 129536K, 0% used [0x0000000740000000,0x00000007400f2e38,0x0000000747e80000)
 Metaspace       used 4203K, capacity 5552K, committed 5632K, reserved 1056768K
  class space    used 437K, capacity 484K, committed 512K, reserved 1048576K
}
Event: 0.381 GC heap before
{Heap before GC invocations=8 (full 0):
 PSYoungGen      total 3072K, used 2571K [0x0000000795580000, 0x0000000795b80000, 0x00000007c0000000)
  eden space 2048K, 100% used [0x0000000795580000,0x0000000795780000,0x0000000795780000)
  from space 1024K, 51% used [0x0000000795780000,0x0000000795802de8,0x0000000795880000)
  to   space 1024K, 0% used [0x0000000795a80000,0x0000000795a80000,0x0000000795b80000)
 ParOldGen       total 129536K, used 971K [0x0000000740000000, 0x0000000747e80000, 0x0000000795580000)
  object space 129536K, 0% used [0x0000000740000000,0x00000007400f2e38,0x0000000747e80000)
 Metaspace       used 5253K, capacity 6008K, committed 6272K, reserved 1056768K
  class space    used 535K, capacity 556K, committed 640K, reserved 1048576K
Event: 0.383 GC heap after
Heap after GC invocations=8 (full 0):
 PSYoungGen      total 5120K, used 723K [0x0000000795580000, 0x0000000795b80000, 0x00000007c0000000)
  eden space 4096K, 0% used [0x0000000795580000,0x0000000795580000,0x0000000795980000)
  from space 1024K, 70% used [0x0000000795a80000,0x0000000795b34f18,0x0000000795b80000)
  to   space 1024K, 0% used [0x0000000795980000,0x0000000795980000,0x0000000795a80000)
 ParOldGen       total 129536K, used 1011K [0x0000000740000000, 0x0000000747e80000, 0x0000000795580000)
  object space 129536K, 0% used [0x0000000740000000,0x00000007400fce38,0x0000000747e80000)
 Metaspace       used 5253K, capacity 6008K, committed 6272K, reserved 1056768K
  class space    used 535K, capacity 556K, committed 640K, reserved 1048576K
}
Event: 0.446 GC heap before
{Heap before GC invocations=9 (full 0):
 PSYoungGen      total 5120K, used 4819K [0x0000000795580000, 0x0000000795b80000, 0x00000007c0000000)
  eden space 4096K, 100% used [0x0000000795580000,0x0000000795980000,0x0000000795980000)
  from space 1024K, 70% used [0x0000000795a80000,0x0000000795b34f18,0x0000000795b80000)
  to   space 1024K, 0% used [0x0000000795980000,0x0000000795980000,0x0000000795a80000)
 ParOldGen       total 129536K, used 1011K [0x0000000740000000, 0x0000000747e80000, 0x0000000795580000)
  object space 129536K, 0% used [0x0000000740000000,0x00000007400fce38,0x0000000747e80000)
 Metaspace       used 6112K, capacity 6776K, committed 6912K, reserved 1056768K
  class space    used 647K, capacity 684K, committed 768K, reserved 1048576K
Event: 0.447 GC heap after
Heap after GC invocations=9 (full 0):
 PSYoungGen      total 5120K, used 1001K [0x0000000795580000, 0x0000000795f00000, 0x00000007c0000000)
  eden space 4096K, 0% used [0x0000000795580000,0x0000000795580000,0x0000000795980000)
  from space 1024K, 97% used [0x0000000795980000,0x0000000795a7a758,0x0000000795a80000)
  to   space 1536K, 0% used [0x0000000795d80000,0x0000000795d80000,0x0000000795f00000)
 ParOldGen       total 129536K, used 1293K [0x0000000740000000, 0x0000000747e80000, 0x0000000795580000)
  object space 129536K, 0% used [0x0000000740000000,0x00000007401436a8,0x0000000747e80000)
 Metaspace       used 6112K, capacity 6776K, committed 6912K, reserved 1056768K
  class space    used 647K, capacity 684K, committed 768K, reserved 1048576K
}
Event: 0.697 GC heap before
{Heap before GC invocations=10 (full 0):
 PSYoungGen      total 5120K, used 5097K [0x0000000795580000, 0x0000000795f00000, 0x00000007c0000000)
  eden space 4096K, 100% used [0x0000000795580000,0x0000000795980000,0x0000000795980000)
  from space 1024K, 97% used [0x0000000795980000,0x0000000795a7a758,0x0000000795a80000)
  to   space 1536K, 0% used [0x0000000795d80000,0x0000000795d80000,0x0000000795f00000)
 ParOldGen       total 129536K, used 1293K [0x0000000740000000, 0x0000000747e80000, 0x0000000795580000)
  object space 129536K, 0% used [0x0000000740000000,0x00000007401436a8,0x0000000747e80000)
 Metaspace       used 7633K, capacity 7768K, committed 8064K, reserved 1056768K
  class space    used 808K, capacity 844K, committed 896K, reserved 1048576K
Event: 0.699 GC heap after
Heap after GC invocations=10 (full 0):
 PSYoungGen      total 8192K, used 1123K [0x0000000795580000, 0x0000000795f00000, 0x00000007c0000000)
  eden space 6656K, 0% used [0x0000000795580000,0x0000000795580000,0x0000000795c00000)
  from space 1536K, 73% used [0x0000000795d80000,0x0000000795e98f28,0x0000000795f00000)
  to   space 1536K, 0% used [0x0000000795c00000,0x0000000795c00000,0x0000000795d80000)
 ParOldGen       total 129536K, used 1541K [0x0000000740000000, 0x0000000747e80000, 0x0000000795580000)
  object space 129536K, 1% used [0x0000000740000000,0x00000007401816a8,0x0000000747e80000)
 Metaspace       used 7633K, capacity 7768K, committed 8064K, reserved 1056768K
  class space    used 808K, capacity 844K, committed 896K, reserved 1048576K
}
Event: 1.048 GC heap before
{Heap before GC invocations=11 (full 0):
 PSYoungGen      total 8192K, used 7779K [0x0000000795580000, 0x0000000795f00000, 0x00000007c0000000)
  eden space 6656K, 100% used [0x0000000795580000,0x0000000795c00000,0x0000000795c00000)
  from space 1536K, 73% used [0x0000000795d80000,0x0000000795e98f28,0x0000000795f00000)
  to   space 1536K, 0% used [0x0000000795c00000,0x0000000795c00000,0x0000000795d80000)
 ParOldGen       total 129536K, used 1541K [0x0000000740000000, 0x0000000747e80000, 0x0000000795580000)
  object space 129536K, 1% used [0x0000000740000000,0x00000007401816a8,0x0000000747e80000)
 Metaspace       used 11802K, capacity 11948K, committed 12288K, reserved 1060864K
  class space    used 1376K, capacity 1412K, committed 1536K, reserved 1048576K
Event: 1.052 GC heap after
Heap after GC invocations=11 (full 0):
 PSYoungGen      total 8192K, used 1536K [0x0000000795580000, 0x0000000796400000, 0x00000007c0000000)
  eden space 6656K, 0% used [0x0000000795580000,0x0000000795580000,0x0000000795c00000)
  from space 1536K, 100% used [0x0000000795c00000,0x0000000795d80000,0x0000000795d80000)
  to   space 2048K, 0% used [0x0000000796200000,0x0000000796200000,0x0000000796400000)
 ParOldGen       total 129536K, used 1980K [0x0000000740000000, 0x0000000747e80000, 0x0000000795580000)
  object space 129536K, 1% used [0x0000000740000000,0x00000007401ef238,0x0000000747e80000)
 Metaspace       used 11802K, capacity 11948K, committed 12288K, reserved 1060864K
  class space    used 1376K, capacity 1412K, committed 1536K, reserved 1048576K
}

