# JRE version: Java(TM) SE Runtime Environment (8.0_05-b13) (build 1.8.0_05-b13)
# Java VM: Java HotSpot(TM) 64-Bit Server VM (25.5-b02 mixed mode bsd-amd64 compressed oops)
Heap:
 PSYoungGen      total 13312K, used 2340K [0x0000000795580000, 0x0000000796780000, 0x00000007c0000000)
  eden space 11264K, 2% used [0x0000000795580000,0x00000007955ce348,0x0000000796080000)
  from space 2048K, 99% used [0x0000000796380000,0x000000079657b070,0x0000000796580000)
  to   space 3072K, 0% used [0x0000000796080000,0x0000000796080000,0x0000000796380000)
 ParOldGen       total 129536K, used 4294K [0x0000000740000000, 0x0000000747e80000, 0x0000000795580000)
  object space 129536K, 3% used [0x0000000740000000,0x0000000740431950,0x0000000747e80000)
 Metaspace       used 18370K, capacity 18594K, committed 18944K, reserved 1064960K
  class space    used 2368K, capacity 2438K, committed 2560K, reserved 1048576K
GC Heap History (10 events):
Event: 0.235 GC heap before
{Heap before GC invocations=6 (full 0):
 PSYoungGen      total 2560K, used 2541K [0x0000000795580000, 0x0000000795c80000, 0x00000007c0000000)
  eden space 2048K, 99% used [0x0000000795580000,0x000000079577f6f0,0x0000000795780000)
  from space 512K, 96% used [0x0000000795780000,0x00000007957fc010,0x0000000795800000)
  to   space 1536K, 0% used [0x0000000795b00000,0x0000000795b00000,0x0000000795c80000)
 ParOldGen       total 129536K, used 1019K [0x0000000740000000, 0x0000000747e80000, 0x0000000795580000)
  object space 129536K, 0% used [0x0000000740000000,0x00000007400feed0,0x0000000747e80000)
 Metaspace       used 5001K, capacity 5784K, committed 6016K, reserved 1056768K
  class space    used 516K, capacity 524K, committed 640K, reserved 1048576K
Event: 0.238 GC heap after
Heap after GC invocations=6 (full 0):
 PSYoungGen      total 5632K, used 1123K [0x0000000795580000, 0x0000000795c80000, 0x00000007c0000000)
  eden space 4096K, 0% used [0x0000000795580000,0x0000000795580000,0x0000000795980000)
  from space 1536K, 73% used [0x0000000795b00000,0x0000000795c18ef8,0x0000000795c80000)
  to   space 1536K, 0% used [0x0000000795980000,0x0000000795980000,0x0000000795b00000)
 ParOldGen       total 129536K, used 1027K [0x0000000740000000, 0x0000000747e80000, 0x0000000795580000)
  object space 129536K, 0% used [0x0000000740000000,0x0000000740100ed0,0x0000000747e80000)
 Metaspace       used 5001K, capacity 5784K, committed 6016K, reserved 1056768K
  class space    used 516K, capacity 524K, committed 640K, reserved 1048576K
}
Event: 0.301 GC heap before
{Heap before GC invocations=7 (full 0):
 PSYoungGen      total 5632K, used 5219K [0x0000000795580000, 0x0000000795c80000, 0x00000007c0000000)
  eden space 4096K, 100% used [0x0000000795580000,0x0000000795980000,0x0000000795980000)
  from space 1536K, 73% used [0x0000000795b00000,0x0000000795c18ef8,0x0000000795c80000)
  to   space 1536K, 0% used [0x0000000795980000,0x0000000795980000,0x0000000795b00000)
 ParOldGen       total 129536K, used 1027K [0x0000000740000000, 0x0000000747e80000, 0x0000000795580000)
  object space 129536K, 0% used [0x0000000740000000,0x0000000740100ed0,0x0000000747e80000)
 Metaspace       used 5987K, capacity 6648K, committed 6912K, reserved 1056768K
  class space    used 625K, capacity 684K, committed 768K, reserved 1048576K
Event: 0.302 GC heap after
Heap after GC invocations=7 (full 0):
 PSYoungGen      total 5632K, used 1290K [0x0000000795580000, 0x0000000796080000, 0x00000007c0000000)
  eden space 4096K, 0% used [0x0000000795580000,0x0000000795580000,0x0000000795980000)
  from space 1536K, 84% used [0x0000000795980000,0x0000000795ac2980,0x0000000795b00000)
  to   space 1536K, 0% used [0x0000000795f00000,0x0000000795f00000,0x0000000796080000)
 ParOldGen       total 129536K, used 1387K [0x0000000740000000, 0x0000000747e80000, 0x0000000795580000)
  object space 129536K, 1% used [0x0000000740000000,0x000000074015af20,0x0000000747e80000)
 Metaspace       used 5987K, capacity 6648K, committed 6912K, reserved 1056768K
  class space    used 625K, capacity 684K, committed 768K, reserved 1048576K
}
Event: 0.519 GC heap before
{Heap before GC invocations=8 (full 0):
 PSYoungGen      total 5632K, used 5386K [0x0000000795580000, 0x0000000796080000, 0x00000007c0000000)
  eden space 4096K, 100% used [0x0000000795580000,0x0000000795980000,0x0000000795980000)
  from space 1536K, 84% used [0x0000000795980000,0x0000000795ac2980,0x0000000795b00000)
  to   space 1536K, 0% used [0x0000000795f00000,0x0000000795f00000,0x0000000796080000)
 ParOldGen       total 129536K, used 1387K [0x0000000740000000, 0x0000000747e80000, 0x0000000795580000)
  object space 129536K, 1% used [0x0000000740000000,0x000000074015af20,0x0000000747e80000)
 Metaspace       used 7460K, capacity 7560K, committed 7808K, reserved 1056768K
  class space    used 782K, capacity 812K, committed 896K, reserved 1048576K
Event: 0.521 GC heap after
Heap after GC invocations=8 (full 0):
 PSYoungGen      total 9216K, used 1314K [0x0000000795580000, 0x0000000796180000, 0x00000007c0000000)
  eden space 7680K, 0% used [0x0000000795580000,0x0000000795580000,0x0000000795d00000)
  from space 1536K, 85% used [0x0000000795f00000,0x0000000796048958,0x0000000796080000)
  to   space 2048K, 0% used [0x0000000795d00000,0x0000000795d00000,0x0000000795f00000)
 ParOldGen       total 129536K, used 1427K [0x0000000740000000, 0x0000000747e80000, 0x0000000795580000)
  object space 129536K, 1% used [0x0000000740000000,0x0000000740164f20,0x0000000747e80000)
 Metaspace       used 7460K, capacity 7560K, committed 7808K, reserved 1056768K
  class space    used 782K, capacity 812K, committed 896K, reserved 1048576K
}
Event: 0.829 GC heap before
{Heap before GC invocations=9 (full 0):
 PSYoungGen      total 9216K, used 8994K [0x0000000795580000, 0x0000000796180000, 0x00000007c0000000)
  eden space 7680K, 100% used [0x0000000795580000,0x0000000795d00000,0x0000000795d00000)
  from space 1536K, 85% used [0x0000000795f00000,0x0000000796048958,0x0000000796080000)
  to   space 2048K, 0% used [0x0000000795d00000,0x0000000795d00000,0x0000000795f00000)
 ParOldGen       total 129536K, used 1427K [0x0000000740000000, 0x0000000747e80000, 0x0000000795580000)
  object space 129536K, 1% used [0x0000000740000000,0x0000000740164f20,0x0000000747e80000)
 Metaspace       used 11733K, capacity 11900K, committed 12032K, reserved 1060864K
  class space    used 1370K, capacity 1412K, committed 1536K, reserved 1048576K
Event: 0.832 GC heap after
Heap after GC invocations=9 (full 0):
 PSYoungGen      total 9728K, used 1556K [0x0000000795580000, 0x0000000796580000, 0x00000007c0000000)
  eden space 7680K, 0% used [0x0000000795580000,0x0000000795580000,0x0000000795d00000)
  from space 2048K, 75% used [0x0000000795d00000,0x0000000795e850b0,0x0000000795f00000)
  to   space 2048K, 0% used [0x0000000796380000,0x0000000796380000,0x0000000796580000)
 ParOldGen       total 129536K, used 1675K [0x0000000740000000, 0x0000000747e80000, 0x0000000795580000)
  object space 129536K, 1% used [0x0000000740000000,0x00000007401a2f20,0x0000000747e80000)
 Metaspace       used 11733K, capacity 11900K, committed 12032K, reserved 1060864K
  class space    used 1370K, capacity 1412K, committed 1536K, reserved 1048576K
}
Event: 6.628 GC heap before
{Heap before GC invocations=10 (full 0):
 PSYoungGen      total 9728K, used 9236K [0x0000000795580000, 0x0000000796580000, 0x00000007c0000000)
  eden space 7680K, 100% used [0x0000000795580000,0x0000000795d00000,0x0000000795d00000)
  from space 2048K, 75% used [0x0000000795d00000,0x0000000795e850b0,0x0000000795f00000)
  to   space 2048K, 0% used [0x0000000796380000,0x0000000796380000,0x0000000796580000)
 ParOldGen       total 129536K, used 1675K [0x0000000740000000, 0x0000000747e80000, 0x0000000795580000)
  object space 129536K, 1% used [0x0000000740000000,0x00000007401a2f20,0x0000000747e80000)
 Metaspace       used 18367K, capacity 18594K, committed 18944K, reserved 1064960K
  class space    used 2367K, capacity 2438K, committed 2560K, reserved 1048576K
Event: 6.634 GC heap after
Heap after GC invocations=10 (full 0):
 PSYoungGen      total 13312K, used 2028K [0x0000000795580000, 0x0000000796780000, 0x00000007c0000000)
  eden space 11264K, 0% used [0x0000000795580000,0x0000000795580000,0x0000000796080000)
  from space 2048K, 99% used [0x0000000796380000,0x000000079657b070,0x0000000796580000)
  to   space 3072K, 0% used [0x0000000796080000,0x0000000796080000,0x0000000796380000)
 ParOldGen       total 129536K, used 4294K [0x0000000740000000, 0x0000000747e80000, 0x0000000795580000)
  object space 129536K, 3% used [0x0000000740000000,0x0000000740431950,0x0000000747e80000)
 Metaspace       used 18367K, capacity 18594K, committed 18944K, reserved 1064960K
  class space    used 2367K, capacity 2438K, committed 2560K, reserved 1048576K
}

